c:\users\pc\desktop\loaders\final miner\enumuilanguagesw\x64\debug\vc143.pdb
c:\users\pc\desktop\loaders\final miner\enumuilanguagesw\x64\debug\vc143.idb
c:\users\pc\desktop\loaders\final miner\enumuilanguagesw\x64\debug\main.obj
c:\users\pc\desktop\loaders\final miner\enumuilanguagesw\x64\debug\mine-drop.ilk
c:\users\pc\desktop\loaders\final miner\x64\debug\mine-drop.exe
c:\users\pc\desktop\loaders\final miner\x64\debug\mine-drop.pdb
c:\users\pc\desktop\loaders\final miner\enumuilanguagesw\x64\debug\mine-drop.res
c:\users\pc\desktop\loaders\final miner - copy\enumuilanguagesw\x64\debug\main.obj
c:\users\pc\desktop\loaders\final miner - copy\enumuilanguagesw\x64\debug\mine-drop.ilk
c:\users\pc\desktop\loaders\final miner - copy\enumuilanguagesw\x64\debug\mine-drop.res
c:\users\pc\desktop\loaders\final miner - copy\enumuilanguagesw\x64\debug\vc143.idb
c:\users\pc\desktop\loaders\final miner - copy\enumuilanguagesw\x64\debug\vc143.pdb
c:\users\pc\desktop\loaders\final miner - copy\enumuilanguagesw\x64\debug\mine-drop.tlog\cl.command.1.tlog
c:\users\pc\desktop\loaders\final miner - copy\enumuilanguagesw\x64\debug\mine-drop.tlog\cl.read.1.tlog
c:\users\pc\desktop\loaders\final miner - copy\enumuilanguagesw\x64\debug\mine-drop.tlog\cl.write.1.tlog
c:\users\pc\desktop\loaders\final miner - copy\enumuilanguagesw\x64\debug\mine-drop.tlog\link.command.1.tlog
c:\users\pc\desktop\loaders\final miner - copy\enumuilanguagesw\x64\debug\mine-drop.tlog\link.read.1.tlog
c:\users\pc\desktop\loaders\final miner - copy\enumuilanguagesw\x64\debug\mine-drop.tlog\link.write.1.tlog
c:\users\pc\desktop\loaders\final miner - copy\enumuilanguagesw\x64\debug\mine-drop.tlog\rc.command.1.tlog
c:\users\pc\desktop\loaders\final miner - copy\enumuilanguagesw\x64\debug\mine-drop.tlog\rc.read.1.tlog
c:\users\pc\desktop\loaders\final miner - copy\enumuilanguagesw\x64\debug\mine-drop.tlog\rc.write.1.tlog
