C:\Program Files\Microsoft Visual Studio\2022\Community\MSBuild\Microsoft\VC\v170\Microsoft.CppBuild.targets(514,5): warning MSB8028: The intermediate directory (x64\Debug\) contains files shared from another project (mine-drop.vcxproj, Shellcode_Load_Callback.vcxproj, Shellcode_Load_UAC-backbone.vcxproj, Shellcode_Load_UAC.vcxproj).  This can lead to incorrect clean and rebuild behavior.
  main.cpp
C:\Users\pc\Desktop\Loaders\PS1 Load - Copy\Powershell-Script-Drop\main.cpp(1,10): warning C4067: unexpected tokens following preprocessor directive - expected a newline
C:\Users\pc\Desktop\Loaders\PS1 Load - Copy\Powershell-Script-Drop\main.cpp(42,48): warning C4101: 'cProcesses': unreferenced local variable
C:\Users\pc\Desktop\Loaders\PS1 Load - Copy\Powershell-Script-Drop\main.cpp(183,16): warning C4244: 'initializing': conversion from 'DWORDLONG' to 'DWORD', possible loss of data
C:\Program Files\Microsoft Visual Studio\2022\Community\VC\Tools\MSVC\14.31.31103\include\xstring(2584,23): warning C4244: 'argument': conversion from 'wchar_t' to 'const _Elem', possible loss of data
          with
          [
              _Elem=char
          ]
C:\Program Files\Microsoft Visual Studio\2022\Community\VC\Tools\MSVC\14.31.31103\include\xstring(2595): message : see reference to function template instantiation 'void std::basic_string<char,std::char_traits<char>,std::allocator<char>>::_Construct<wchar_t*>(_Iter,const _Iter,std::input_iterator_tag)' being compiled
          with
          [
              _Iter=wchar_t *
          ]
C:\Program Files\Microsoft Visual Studio\2022\Community\VC\Tools\MSVC\14.31.31103\include\xstring(2595): message : see reference to function template instantiation 'void std::basic_string<char,std::char_traits<char>,std::allocator<char>>::_Construct<wchar_t*>(_Iter,const _Iter,std::input_iterator_tag)' being compiled
          with
          [
              _Iter=wchar_t *
          ]
C:\Program Files\Microsoft Visual Studio\2022\Community\VC\Tools\MSVC\14.31.31103\include\xstring(2575): message : see reference to function template instantiation 'void std::basic_string<char,std::char_traits<char>,std::allocator<char>>::_Construct<wchar_t*>(const _Iter,const _Iter,std::forward_iterator_tag)' being compiled
          with
          [
              _Iter=wchar_t *
          ]
C:\Program Files\Microsoft Visual Studio\2022\Community\VC\Tools\MSVC\14.31.31103\include\xstring(2575): message : see reference to function template instantiation 'void std::basic_string<char,std::char_traits<char>,std::allocator<char>>::_Construct<wchar_t*>(const _Iter,const _Iter,std::forward_iterator_tag)' being compiled
          with
          [
              _Iter=wchar_t *
          ]
C:\Users\pc\Desktop\Loaders\PS1 Load - Copy\Powershell-Script-Drop\main.cpp(16): message : see reference to function template instantiation 'std::basic_string<char,std::char_traits<char>,std::allocator<char>>::basic_string<std::_String_iterator<std::_String_val<std::_Simple_types<_Elem>>>,0>(_Iter,_Iter,const _Alloc &)' being compiled
          with
          [
              _Elem=wchar_t,
              _Iter=std::_String_iterator<std::_String_val<std::_Simple_types<wchar_t>>>,
              _Alloc=std::allocator<char>
          ]
C:\Users\pc\Desktop\Loaders\PS1 Load - Copy\Powershell-Script-Drop\main.cpp(16): message : see reference to function template instantiation 'std::basic_string<char,std::char_traits<char>,std::allocator<char>>::basic_string<std::_String_iterator<std::_String_val<std::_Simple_types<_Elem>>>,0>(_Iter,_Iter,const _Alloc &)' being compiled
          with
          [
              _Elem=wchar_t,
              _Iter=std::_String_iterator<std::_String_val<std::_Simple_types<wchar_t>>>,
              _Alloc=std::allocator<char>
          ]
C:\Users\pc\Desktop\Loaders\PS1 Load - Copy\Powershell-Script-Drop\main.cpp(61): warning C4715: 'LocateWinLogonProcess': not all control paths return a value
C:\Users\pc\Desktop\Loaders\PS1 Load - Copy\Powershell-Script-Drop\main.cpp(152): warning C4715: 'StealToken': not all control paths return a value
C:\Users\pc\Desktop\Loaders\PS1 Load - Copy\Powershell-Script-Drop\main.cpp(117): warning C4715: 'CreateImpersonatedProcess': not all control paths return a value
  Powershell-Script-Drop.vcxproj -> C:\Users\pc\Desktop\Loaders\PS1 Load - Copy\x64\Debug\Powershell-Script-Drop.exe
